2021-08-26 14:01:28 DEBUG Main:186 - This is a DEBUG message :)
2021-08-30 10:01:17 DEBUG Main:187 - This is a DEBUG message :)
2021-08-30 10:01:17 ERROR Main:194 - MySQL Driver not found!
2021-08-30 10:05:47 DEBUG Main:187 - This is a DEBUG message :)
2021-08-30 10:08:36 DEBUG Main:187 - This is a DEBUG message :)
2021-08-30 10:08:36 INFO  Main:197 - MySQL Driver registered! :)
2021-08-30 10:08:52 DEBUG Main:187 - This is a DEBUG message :)
2021-08-30 10:08:52 INFO  Main:197 - MySQL Driver Registered! :)
2021-08-30 10:14:37 DEBUG Main:190 - This is a DEBUG message :)
2021-08-30 10:14:37 INFO  Main:200 - MySQL Driver Registered! :)
2021-08-30 10:14:38 ERROR Main:207 - Connection failed! com.mysql.jdbc.exceptions.jdbc4.CommunicationsException: Communications link failure

The last packet successfully received from the server was 260 milliseconds ago.  The last packet sent successfully to the server was 253 milliseconds ago.
2021-08-30 10:41:59 DEBUG Main:190 - This is a DEBUG message :)
2021-08-30 10:41:59 INFO  Main:200 - MySQL Driver Registered! :)
2021-08-30 10:42:00 ERROR Main:207 - Connection failed! com.mysql.jdbc.exceptions.jdbc4.CommunicationsException: Communications link failure

The last packet successfully received from the server was 228 milliseconds ago.  The last packet sent successfully to the server was 221 milliseconds ago.
2021-08-30 10:43:18 DEBUG Main:190 - This is a DEBUG message :)
2021-08-30 10:43:18 INFO  Main:200 - MySQL Driver Registered! :)
2021-08-30 10:43:18 ERROR Main:207 - Connection failed! com.mysql.jdbc.exceptions.jdbc4.CommunicationsException: Communications link failure

The last packet successfully received from the server was 239 milliseconds ago.  The last packet sent successfully to the server was 232 milliseconds ago.
2021-08-30 10:43:29 DEBUG Main:190 - This is a DEBUG message :)
2021-08-30 10:43:29 INFO  Main:200 - MySQL Driver Registered! :)
2021-08-30 10:43:30 ERROR Main:207 - Connection failed! com.mysql.jdbc.exceptions.jdbc4.CommunicationsException: Communications link failure

The last packet successfully received from the server was 193 milliseconds ago.  The last packet sent successfully to the server was 185 milliseconds ago.
2021-08-30 10:43:55 DEBUG Main:190 - This is a DEBUG message :)
2021-08-30 10:43:55 INFO  Main:200 - MySQL Driver Registered! :)
2021-08-30 10:43:56 ERROR Main:207 - Connection failed! com.mysql.jdbc.exceptions.jdbc4.CommunicationsException: Communications link failure

The last packet successfully received from the server was 280 milliseconds ago.  The last packet sent successfully to the server was 273 milliseconds ago.
2021-08-30 10:57:05 DEBUG Main:190 - This is a DEBUG message :)
2021-08-30 10:57:05 INFO  Main:200 - MySQL Driver Registered! :)
2021-08-30 10:57:06 ERROR Main:211 - Connection failed! com.mysql.jdbc.exceptions.jdbc4.MySQLNonTransientConnectionException: Could not create connection to database server.
2021-08-30 11:01:01 DEBUG Main:190 - This is a DEBUG message :)
2021-08-30 11:01:01 INFO  Main:200 - MySQL Driver Registered! :)
2021-08-30 11:01:01 ERROR Main:211 - Connection failed! com.mysql.jdbc.exceptions.jdbc4.MySQLNonTransientConnectionException: Could not create connection to database server.
2021-08-30 11:02:08 DEBUG Main:190 - This is a DEBUG message :)
2021-08-30 11:02:08 INFO  Main:200 - MySQL Driver Registered! :)
2021-08-30 11:02:09 INFO  Main:215 - Succesfully connected to mySQL database! :)
2021-08-30 11:54:02 DEBUG Main:190 - This is a DEBUG message :)
2021-08-30 11:54:02 INFO  Main:200 - MySQL Driver Registered! :)
2021-08-30 11:54:03 INFO  Main:215 - Succesfully connected to mySQL database! :)
2021-08-30 12:02:00 INFO  Main:199 - MySQL Driver Registered! :)
2021-08-30 12:02:01 INFO  Main:214 - Succesfully connected to mySQL database! :)
2021-08-30 12:02:01 INFO  Main:232 - First Name: Bobbert    Last Name: Franklin
2021-08-30 12:02:01 INFO  Main:232 - First Name: Bob    Last Name: Johnson
2021-08-30 12:02:01 INFO  Main:232 - First Name: Belinda    Last Name: Blumenthal
2021-08-30 12:09:09 INFO  Main:199 - MySQL Driver Registered! :)
2021-08-30 12:09:10 INFO  Main:214 - Succesfully connected to mySQL database! :)
2021-08-30 12:09:10 INFO  Main:235 - ID: 9   First Name: Bobbert   Last Name: Franklin
2021-08-30 12:09:10 INFO  Main:235 - ID: 10   First Name: Bob   Last Name: Johnson
2021-08-30 12:09:10 INFO  Main:235 - ID: 11   First Name: Belinda   Last Name: Blumenthal
2021-08-30 12:17:13 INFO  Main:199 - MySQL Driver Registered! :)
2021-08-30 12:17:14 ERROR Main:210 - Connection failed! com.mysql.jdbc.exceptions.jdbc4.MySQLNonTransientConnectionException: Could not create connection to database server.
2021-08-30 12:19:20 INFO  Main:199 - MySQL Driver Registered! :)
2021-08-30 12:19:21 ERROR Main:210 - Connection failed! com.mysql.jdbc.exceptions.jdbc4.MySQLNonTransientConnectionException: Could not create connection to database server.
2021-08-30 12:23:13 INFO  Main:199 - MySQL Driver Registered! :)
2021-08-30 12:23:14 INFO  Main:214 - Succesfully connected to mySQL database! :)
2021-08-30 12:23:14 INFO  Main:235 - ID: 9   First Name: Bobbert   Last Name: Franklin
2021-08-30 12:23:14 INFO  Main:235 - ID: 10   First Name: Bob   Last Name: Johnson
2021-08-30 12:23:14 INFO  Main:235 - ID: 11   First Name: Belinda   Last Name: Blumenthal
2021-08-30 12:30:32 INFO  Main:199 - MySQL Driver Registered! :)
2021-08-30 12:30:32 INFO  Main:216 - Succesfully connected to mySQL database! :)
2021-08-30 12:30:33 INFO  Main:237 - ID: 9   First Name: Bobbert   Last Name: Franklin
2021-08-30 12:30:33 INFO  Main:237 - ID: 10   First Name: Bob   Last Name: Johnson
2021-08-30 12:30:33 INFO  Main:237 - ID: 11   First Name: Belinda   Last Name: Blumenthal
2021-08-30 12:53:00 INFO  Main:200 - MySQL Driver Registered! :)
2021-08-30 12:53:01 INFO  Main:217 - Succesfully connected to mySQL database! :)
2021-08-30 12:53:01 INFO  Main:238 - ID: 9   First Name: Bobbert   Last Name: Franklin
2021-08-30 12:53:01 INFO  Main:238 - ID: 10   First Name: Bob   Last Name: Johnson
2021-08-30 12:53:01 INFO  Main:238 - ID: 11   First Name: Belinda   Last Name: Blumenthal
2021-08-30 12:53:01 INFO  Main:200 - MySQL Driver Registered! :)
2021-08-30 12:53:01 INFO  Main:217 - Succesfully connected to mySQL database! :)
2021-08-30 12:53:01 INFO  Main:256 - 0: 9: Bobbert
2021-08-30 12:53:01 ERROR Main:259 - java.sql.SQLDataException: Cannot determine value type from string 'Mr.'
2021-08-30 12:54:32 INFO  Main:200 - MySQL Driver Registered! :)
2021-08-30 12:54:33 INFO  Main:217 - Succesfully connected to mySQL database! :)
2021-08-30 12:54:33 INFO  Main:238 - ID: 9   First Name: Bobbert   Last Name: Franklin
2021-08-30 12:54:33 INFO  Main:238 - ID: 10   First Name: Bob   Last Name: Johnson
2021-08-30 12:54:33 INFO  Main:238 - ID: 11   First Name: Belinda   Last Name: Blumenthal
2021-08-30 12:54:33 INFO  Main:200 - MySQL Driver Registered! :)
2021-08-30 12:54:33 INFO  Main:217 - Succesfully connected to mySQL database! :)
2021-08-30 12:54:33 INFO  Main:256 - 0: Bobbert: Reginald
2021-08-30 12:54:33 ERROR Main:259 - java.sql.SQLDataException: Cannot determine value type from string 'Mr.'
2021-08-30 12:55:54 INFO  Main:200 - MySQL Driver Registered! :)
2021-08-30 12:55:55 INFO  Main:217 - Succesfully connected to mySQL database! :)
2021-08-30 12:55:55 INFO  Main:238 - ID: 9   First Name: Bobbert   Last Name: Franklin
2021-08-30 12:55:55 INFO  Main:238 - ID: 10   First Name: Bob   Last Name: Johnson
2021-08-30 12:55:55 INFO  Main:238 - ID: 11   First Name: Belinda   Last Name: Blumenthal
2021-08-30 12:55:55 INFO  Main:200 - MySQL Driver Registered! :)
2021-08-30 12:55:55 INFO  Main:217 - Succesfully connected to mySQL database! :)
2021-08-30 12:55:55 INFO  Main:256 - 9: Bobbert: Reginald
2021-08-30 12:55:55 INFO  Main:256 - 10: Bob: Bobbert
2021-08-30 12:55:55 INFO  Main:256 - 11: Belinda: null
2021-08-30 12:56:27 INFO  Main:200 - MySQL Driver Registered! :)
2021-08-30 12:56:27 INFO  Main:217 - Succesfully connected to mySQL database! :)
2021-08-30 12:56:28 INFO  Main:238 - ID: 9   First Name: Bobbert   Last Name: Franklin
2021-08-30 12:56:28 INFO  Main:238 - ID: 10   First Name: Bob   Last Name: Johnson
2021-08-30 12:56:28 INFO  Main:238 - ID: 11   First Name: Belinda   Last Name: Blumenthal
2021-08-30 12:56:28 INFO  Main:200 - MySQL Driver Registered! :)
2021-08-30 12:56:28 INFO  Main:217 - Succesfully connected to mySQL database! :)
2021-08-30 12:56:28 INFO  Main:256 - 9: Bobbert: Franklin
2021-08-30 12:56:28 INFO  Main:256 - 10: Bob: Johnson
2021-08-30 12:56:28 INFO  Main:256 - 11: Belinda: Blumenthal
2021-08-30 12:57:47 INFO  Main:200 - MySQL Driver Registered! :)
2021-08-30 12:57:48 INFO  Main:217 - Succesfully connected to mySQL database! :)
2021-08-30 12:57:48 INFO  Main:238 - ID: 9   First Name: Bobbert   Last Name: Franklin
2021-08-30 12:57:48 INFO  Main:238 - ID: 10   First Name: Bob   Last Name: Johnson
2021-08-30 12:57:48 INFO  Main:238 - ID: 11   First Name: Belinda   Last Name: Blumenthal
2021-08-31 09:59:45 INFO  Main:201 - MySQL Driver Registered! :)
2021-08-31 09:59:45 INFO  Main:218 - Succesfully connected to mySQL database! :)
2021-08-31 09:59:45 INFO  Main:239 - ID: 9   First Name: Bobbert   Last Name: Franklin
2021-08-31 09:59:45 INFO  Main:239 - ID: 10   First Name: Bob   Last Name: Johnson
2021-08-31 09:59:45 INFO  Main:239 - ID: 11   First Name: Belinda   Last Name: Blumenthal
2021-08-31 09:59:45 INFO  MySQL:27 - MySQL Driver Registered! :)
2021-08-31 09:59:45 INFO  MySQL:36 - Succesfully connected to mySQL database! :)
2021-08-31 09:59:45 ERROR MySQL:70 - java.sql.SQLDataException: Cannot determine value type from string 'Mr.'
2021-08-31 10:00:16 INFO  MySQL:27 - MySQL Driver Registered! :)
2021-08-31 10:00:16 INFO  MySQL:36 - Succesfully connected to mySQL database! :)
2021-08-31 10:01:23 INFO  Main:201 - MySQL Driver Registered! :)
2021-08-31 10:01:24 INFO  Main:218 - Succesfully connected to mySQL database! :)
2021-08-31 10:01:24 INFO  Main:239 - ID: 9   First Name: Bobbert   Last Name: Franklin
2021-08-31 10:01:24 INFO  Main:239 - ID: 10   First Name: Bob   Last Name: Johnson
2021-08-31 10:01:24 INFO  Main:239 - ID: 11   First Name: Belinda   Last Name: Blumenthal
2021-08-31 10:01:24 INFO  MySQL:27 - MySQL Driver Registered! :)
2021-08-31 10:01:24 INFO  MySQL:36 - Succesfully connected to mySQL database! :)
2021-08-31 10:01:24 ERROR MySQL:70 - java.sql.SQLDataException: Cannot determine value type from string 'Mr.'
2021-08-31 10:05:03 INFO  Main:201 - MySQL Driver Registered! :)
2021-08-31 10:05:03 INFO  Main:218 - Succesfully connected to mySQL database! :)
2021-08-31 10:05:03 INFO  Main:239 - ID: 9   First Name: Bobbert   Last Name: Franklin
2021-08-31 10:05:03 INFO  Main:239 - ID: 10   First Name: Bob   Last Name: Johnson
2021-08-31 10:05:03 INFO  Main:239 - ID: 11   First Name: Belinda   Last Name: Blumenthal
2021-08-31 10:05:03 INFO  MySQL:27 - MySQL Driver Registered! :)
2021-08-31 10:05:03 INFO  MySQL:36 - Succesfully connected to mySQL database! :)
2021-08-31 10:05:34 INFO  Main:201 - MySQL Driver Registered! :)
2021-08-31 10:05:34 INFO  Main:218 - Succesfully connected to mySQL database! :)
2021-08-31 10:05:34 INFO  Main:239 - ID: 9   First Name: Bobbert   Last Name: Franklin
2021-08-31 10:05:34 INFO  Main:239 - ID: 10   First Name: Bob   Last Name: Johnson
2021-08-31 10:05:34 INFO  Main:239 - ID: 11   First Name: Belinda   Last Name: Blumenthal
2021-08-31 10:05:34 INFO  MySQL:27 - MySQL Driver Registered! :)
2021-08-31 10:05:34 INFO  MySQL:36 - Succesfully connected to mySQL database! :)
2021-08-31 10:05:34 ERROR MySQL:70 - java.sql.SQLDataException: Cannot determine value type from string 'Mr.'
2021-08-31 10:06:10 INFO  Main:201 - MySQL Driver Registered! :)
2021-08-31 10:06:10 INFO  Main:218 - Succesfully connected to mySQL database! :)
2021-08-31 10:06:10 INFO  Main:239 - ID: 9   First Name: Bobbert   Last Name: Franklin
2021-08-31 10:06:10 INFO  Main:239 - ID: 10   First Name: Bob   Last Name: Johnson
2021-08-31 10:06:10 INFO  Main:239 - ID: 11   First Name: Belinda   Last Name: Blumenthal
2021-08-31 10:06:10 INFO  MySQL:27 - MySQL Driver Registered! :)
2021-08-31 10:06:10 INFO  MySQL:36 - Succesfully connected to mySQL database! :)
2021-08-31 10:06:10 ERROR MySQL:70 - java.sql.SQLDataException: Cannot determine value type from string 'Mr.'
2021-08-31 10:07:16 INFO  Main:201 - MySQL Driver Registered! :)
2021-08-31 10:07:16 INFO  Main:218 - Succesfully connected to mySQL database! :)
2021-08-31 10:07:16 INFO  Main:239 - ID: 9   First Name: Bobbert   Last Name: Franklin
2021-08-31 10:07:16 INFO  Main:239 - ID: 10   First Name: Bob   Last Name: Johnson
2021-08-31 10:07:16 INFO  Main:239 - ID: 11   First Name: Belinda   Last Name: Blumenthal
2021-08-31 10:07:16 INFO  MySQL:27 - MySQL Driver Registered! :)
2021-08-31 10:07:16 INFO  MySQL:36 - Succesfully connected to mySQL database! :)
2021-08-31 10:07:16 ERROR MySQL:70 - java.sql.SQLDataException: Cannot determine value type from string 'Mr.'
2021-08-31 10:10:18 INFO  Main:201 - MySQL Driver Registered! :)
2021-08-31 10:10:19 INFO  Main:218 - Succesfully connected to mySQL database! :)
2021-08-31 10:10:19 INFO  Main:239 - ID: 9   First Name: Bobbert   Last Name: Franklin
2021-08-31 10:10:19 INFO  Main:239 - ID: 10   First Name: Bob   Last Name: Johnson
2021-08-31 10:10:19 INFO  Main:239 - ID: 11   First Name: Belinda   Last Name: Blumenthal
2021-08-31 10:10:19 INFO  MySQL:27 - MySQL Driver Registered! :)
2021-08-31 10:10:19 INFO  MySQL:36 - Succesfully connected to mySQL database! :)
2021-08-31 10:10:19 ERROR MySQL:70 - java.sql.SQLDataException: Cannot determine value type from string 'Mr.'
2021-08-31 10:11:56 INFO  Main:201 - MySQL Driver Registered! :)
2021-08-31 10:11:57 INFO  Main:218 - Succesfully connected to mySQL database! :)
2021-08-31 10:11:57 INFO  Main:239 - ID: 9   First Name: Bobbert   Last Name: Franklin
2021-08-31 10:11:57 INFO  Main:239 - ID: 10   First Name: Bob   Last Name: Johnson
2021-08-31 10:11:57 INFO  Main:239 - ID: 11   First Name: Belinda   Last Name: Blumenthal
2021-08-31 10:11:57 INFO  MySQL:27 - MySQL Driver Registered! :)
2021-08-31 10:11:57 INFO  MySQL:36 - Succesfully connected to mySQL database! :)
2021-08-31 10:11:57 ERROR MySQL:70 - java.sql.SQLDataException: Cannot determine value type from string 'Mr.'
2021-08-31 10:12:45 INFO  Main:201 - MySQL Driver Registered! :)
2021-08-31 10:12:46 INFO  Main:218 - Succesfully connected to mySQL database! :)
2021-08-31 10:12:46 INFO  Main:239 - ID: 9   First Name: Bobbert   Last Name: Franklin
2021-08-31 10:12:46 INFO  Main:239 - ID: 10   First Name: Bob   Last Name: Johnson
2021-08-31 10:12:46 INFO  Main:239 - ID: 11   First Name: Belinda   Last Name: Blumenthal
2021-08-31 10:12:46 INFO  MySQL:27 - MySQL Driver Registered! :)
2021-08-31 10:12:46 INFO  MySQL:36 - Succesfully connected to mySQL database! :)
2021-08-31 10:15:45 INFO  Main:201 - MySQL Driver Registered! :)
2021-08-31 10:15:45 INFO  Main:218 - Succesfully connected to mySQL database! :)
2021-08-31 10:15:45 INFO  Main:239 - ID: 9   First Name: Bobbert   Last Name: Franklin
2021-08-31 10:15:45 INFO  Main:239 - ID: 10   First Name: Bob   Last Name: Johnson
2021-08-31 10:15:45 INFO  Main:239 - ID: 11   First Name: Belinda   Last Name: Blumenthal
2021-08-31 10:15:45 INFO  MySQL:27 - MySQL Driver Registered! :)
2021-08-31 10:15:45 INFO  MySQL:36 - Succesfully connected to mySQL database! :)
2021-08-31 10:18:10 INFO  Main:201 - MySQL Driver Registered! :)
2021-08-31 10:18:11 INFO  Main:218 - Succesfully connected to mySQL database! :)
2021-08-31 10:18:11 INFO  Main:239 - ID: 9   First Name: Bobbert   Last Name: Franklin
2021-08-31 10:18:11 INFO  Main:239 - ID: 10   First Name: Bob   Last Name: Johnson
2021-08-31 10:18:11 INFO  Main:239 - ID: 11   First Name: Belinda   Last Name: Blumenthal
2021-08-31 10:18:11 INFO  MySQL:27 - MySQL Driver Registered! :)
2021-08-31 10:18:11 INFO  MySQL:36 - Succesfully connected to mySQL database! :)
2021-08-31 10:18:34 INFO  Main:201 - MySQL Driver Registered! :)
2021-08-31 10:18:34 INFO  Main:218 - Succesfully connected to mySQL database! :)
2021-08-31 10:18:34 INFO  Main:239 - ID: 9   First Name: Bobbert   Last Name: Franklin
2021-08-31 10:18:34 INFO  Main:239 - ID: 10   First Name: Bob   Last Name: Johnson
2021-08-31 10:18:34 INFO  Main:239 - ID: 11   First Name: Belinda   Last Name: Blumenthal
2021-08-31 10:18:34 INFO  MySQL:27 - MySQL Driver Registered! :)
2021-08-31 10:18:34 INFO  MySQL:36 - Succesfully connected to mySQL database! :)
2021-08-31 10:18:59 INFO  Main:201 - MySQL Driver Registered! :)
2021-08-31 10:18:59 INFO  Main:218 - Succesfully connected to mySQL database! :)
2021-08-31 10:18:59 INFO  Main:239 - ID: 9   First Name: Bobbert   Last Name: Franklin
2021-08-31 10:18:59 INFO  Main:239 - ID: 10   First Name: Bob   Last Name: Johnson
2021-08-31 10:18:59 INFO  Main:239 - ID: 11   First Name: Belinda   Last Name: Blumenthal
2021-08-31 10:18:59 INFO  MySQL:27 - MySQL Driver Registered! :)
2021-08-31 10:18:59 INFO  MySQL:36 - Succesfully connected to mySQL database! :)
2021-08-31 10:19:46 INFO  Main:201 - MySQL Driver Registered! :)
2021-08-31 10:19:46 INFO  Main:218 - Succesfully connected to mySQL database! :)
2021-08-31 10:19:46 INFO  Main:239 - ID: 9   First Name: Bobbert   Last Name: Franklin
2021-08-31 10:19:46 INFO  Main:239 - ID: 10   First Name: Bob   Last Name: Johnson
2021-08-31 10:19:46 INFO  Main:239 - ID: 11   First Name: Belinda   Last Name: Blumenthal
2021-08-31 10:19:46 INFO  MySQL:27 - MySQL Driver Registered! :)
2021-08-31 10:19:46 INFO  MySQL:36 - Succesfully connected to mySQL database! :)
2021-08-31 10:20:48 INFO  Main:201 - MySQL Driver Registered! :)
2021-08-31 10:20:49 INFO  Main:218 - Succesfully connected to mySQL database! :)
2021-08-31 10:20:49 INFO  Main:239 - ID: 9   First Name: Bobbert   Last Name: Franklin
2021-08-31 10:20:49 INFO  Main:239 - ID: 10   First Name: Bob   Last Name: Johnson
2021-08-31 10:20:49 INFO  Main:239 - ID: 11   First Name: Belinda   Last Name: Blumenthal
2021-08-31 10:20:49 INFO  MySQL:27 - MySQL Driver Registered! :)
2021-08-31 10:20:49 INFO  MySQL:36 - Succesfully connected to mySQL database! :)
2021-08-31 10:21:22 INFO  Main:201 - MySQL Driver Registered! :)
2021-08-31 10:21:22 INFO  Main:218 - Succesfully connected to mySQL database! :)
2021-08-31 10:21:22 INFO  Main:239 - ID: 9   First Name: Bobbert   Last Name: Franklin
2021-08-31 10:21:22 INFO  Main:239 - ID: 10   First Name: Bob   Last Name: Johnson
2021-08-31 10:21:22 INFO  Main:239 - ID: 11   First Name: Belinda   Last Name: Blumenthal
2021-08-31 10:21:22 INFO  MySQL:27 - MySQL Driver Registered! :)
2021-08-31 10:21:22 INFO  MySQL:36 - Succesfully connected to mySQL database! :)
2021-08-31 10:22:42 INFO  Main:201 - MySQL Driver Registered! :)
2021-08-31 10:22:43 INFO  Main:218 - Succesfully connected to mySQL database! :)
2021-08-31 10:22:43 INFO  Main:239 - ID: 9   First Name: Bobbert   Last Name: Franklin
2021-08-31 10:22:43 INFO  Main:239 - ID: 10   First Name: Bob   Last Name: Johnson
2021-08-31 10:22:43 INFO  Main:239 - ID: 11   First Name: Belinda   Last Name: Blumenthal
2021-08-31 10:22:43 INFO  MySQL:27 - MySQL Driver Registered! :)
2021-08-31 10:22:43 INFO  MySQL:36 - Succesfully connected to mySQL database! :)
2021-08-31 10:24:22 INFO  Main:201 - MySQL Driver Registered! :)
2021-08-31 10:24:23 INFO  Main:218 - Succesfully connected to mySQL database! :)
2021-08-31 10:24:23 INFO  Main:239 - ID: 9   First Name: Bobbert   Last Name: Franklin
2021-08-31 10:24:23 INFO  Main:239 - ID: 10   First Name: Bob   Last Name: Johnson
2021-08-31 10:24:23 INFO  Main:239 - ID: 11   First Name: Belinda   Last Name: Blumenthal
2021-08-31 10:24:23 INFO  MySQL:27 - MySQL Driver Registered! :)
2021-08-31 10:24:23 INFO  MySQL:36 - Succesfully connected to mySQL database! :)
2021-08-31 10:24:48 INFO  MySQL:27 - MySQL Driver Registered! :)
2021-08-31 10:24:49 INFO  MySQL:36 - Succesfully connected to mySQL database! :)
2021-08-31 10:28:08 INFO  MySQL:27 - MySQL Driver Registered! :)
2021-08-31 10:28:08 INFO  MySQL:36 - Succesfully connected to mySQL database! :)
2021-08-31 10:30:32 INFO  MySQL:27 - MySQL Driver Registered! :)
2021-08-31 10:30:33 INFO  MySQL:36 - Succesfully connected to mySQL database! :)
2021-08-31 10:30:43 INFO  MySQL:27 - MySQL Driver Registered! :)
2021-08-31 10:30:44 INFO  MySQL:36 - Succesfully connected to mySQL database! :)
2021-08-31 10:31:49 INFO  MySQL:27 - MySQL Driver Registered! :)
2021-08-31 10:31:49 INFO  MySQL:36 - Succesfully connected to mySQL database! :)
2021-08-31 10:36:11 INFO  MySQL:27 - MySQL Driver Registered! :)
2021-08-31 10:36:11 INFO  MySQL:36 - Succesfully connected to mySQL database! :)
2021-08-31 10:36:31 INFO  MySQL:27 - MySQL Driver Registered! :)
2021-08-31 10:36:31 INFO  MySQL:36 - Succesfully connected to mySQL database! :)
2021-08-31 10:36:39 INFO  MySQL:27 - MySQL Driver Registered! :)
2021-08-31 10:36:39 INFO  MySQL:36 - Succesfully connected to mySQL database! :)
2021-08-31 15:36:21 INFO  MySQL:27 - MySQL Driver Registered! :)
2021-08-31 15:36:22 INFO  MySQL:36 - Succesfully connected to mySQL database! :)
2021-08-31 15:36:27 INFO  MySQL:27 - MySQL Driver Registered! :)
2021-08-31 15:36:27 INFO  MySQL:36 - Succesfully connected to mySQL database! :)
2021-08-31 15:36:37 INFO  MySQL:27 - MySQL Driver Registered! :)
2021-08-31 15:36:38 INFO  MySQL:36 - Succesfully connected to mySQL database! :)
2021-08-31 15:36:41 INFO  MySQL:27 - MySQL Driver Registered! :)
2021-08-31 15:36:41 INFO  MySQL:36 - Succesfully connected to mySQL database! :)
2021-08-31 15:37:23 ERROR MySQL:27 - SQL Server Driver not found java.lang.ClassNotFoundException: com.microsoft.sqlserver.jdbc.SQLServerDriver
2021-08-31 15:37:23 INFO  MySQL:29 - SQL Server driver registered
2021-08-31 15:37:24 ERROR MySQL:34 - Connection failedjava.sql.SQLException: No suitable driver found for jdbc:sqlserver://localhost:1433
2021-08-31 15:37:24 INFO  MySQL:40 - Connection Failed!
2021-08-31 15:42:34 ERROR MySQL:27 - SQL Server Driver not found java.lang.ClassNotFoundException: com.microsoft.sqlserver.jdbc.SQLServerDriver
2021-08-31 15:42:34 INFO  MySQL:29 - SQL Server driver registered
2021-08-31 15:42:34 ERROR MySQL:34 - Connection failedjava.sql.SQLException: No suitable driver found for jdbc:sqlserver://localhost:1433
2021-08-31 15:42:34 INFO  MySQL:40 - Connection Failed!
2021-08-31 15:52:52 ERROR MySQL:27 - SQL Server Driver not found java.lang.ClassNotFoundException: com.microsoft.sqlserver.jdbc.SQLServerDriver
2021-08-31 15:52:52 INFO  MySQL:29 - SQL Server driver registered
2021-08-31 15:52:52 ERROR MySQL:34 - Connection failedjava.sql.SQLException: No suitable driver found for jdbc:sqlserver://localhost:1433
2021-08-31 15:52:52 INFO  MySQL:40 - Connection Failed!
2021-08-31 15:57:54 ERROR MySQL:27 - SQL Server Driver not found java.lang.ClassNotFoundException: com.microsoft.sqlserver.jdbc.SQLServerDriver
2021-08-31 15:57:54 INFO  MySQL:29 - SQL Server driver registered
2021-08-31 15:57:54 ERROR MySQL:34 - Connection failedjava.sql.SQLException: No suitable driver found for jdbc:sqlserver://localhost:1433
2021-08-31 15:57:54 INFO  MySQL:40 - Connection Failed!
2021-08-31 16:01:20 INFO  MySQL:29 - SQL Server driver registered
2021-08-31 16:01:21 ERROR MySQL:34 - Connection failedcom.microsoft.sqlserver.jdbc.SQLServerException: Login failed for user 'SA'. ClientConnectionId:963a3857-3336-4fef-9d1f-1dcb5f5e2bb6
2021-08-31 16:01:21 INFO  MySQL:40 - Connection Failed!
2021-08-31 16:02:11 INFO  MySQL:29 - SQL Server driver registered
2021-08-31 16:02:12 INFO  MySQL:37 - Succesfully connected to mySQL database! :)
2021-08-31 16:03:29 INFO  MySQL:29 - SQL Server driver registered
2021-08-31 16:03:30 INFO  MySQL:37 - Succesfully connected to SQL Server database! :)
2021-08-31 16:19:48 INFO  MySQL:27 - MySQL Driver Registered! :)
2021-08-31 16:19:49 INFO  MySQL:36 - Succesfully connected to mySQL database! :)
2021-08-31 16:19:56 INFO  MySQL:27 - MySQL Driver Registered! :)
2021-08-31 16:19:56 INFO  MySQL:36 - Succesfully connected to mySQL database! :)
2021-08-31 16:31:13 INFO  MySQL:27 - MySQL Driver Registered! :)
2021-08-31 16:31:13 INFO  MySQL:36 - Succesfully connected to mySQL database! :)
2021-08-31 16:31:20 INFO  MySQL:27 - MySQL Driver Registered! :)
2021-08-31 16:31:20 INFO  MySQL:36 - Succesfully connected to mySQL database! :)
2021-08-31 16:31:43 INFO  MySQL:27 - MySQL Driver Registered! :)
2021-08-31 16:31:44 INFO  MySQL:36 - Succesfully connected to mySQL database! :)
2021-08-31 16:32:06 INFO  MySQL:27 - MySQL Driver Registered! :)
2021-08-31 16:32:06 INFO  MySQL:36 - Succesfully connected to mySQL database! :)
2021-08-31 16:36:38 INFO  MySQL:27 - MySQL Driver Registered! :)
2021-08-31 16:36:39 INFO  MySQL:36 - Succesfully connected to mySQL database! :)
2021-08-31 16:38:14 INFO  MySQL:27 - MySQL Driver Registered! :)
2021-08-31 16:38:15 INFO  MySQL:36 - Succesfully connected to mySQL database! :)
2021-08-31 16:40:07 INFO  MySQL:27 - MySQL Driver Registered! :)
2021-08-31 16:40:07 INFO  MySQL:36 - Succesfully connected to mySQL database! :)
2021-08-31 16:44:10 INFO  MySQL:27 - MySQL Driver Registered! :)
2021-08-31 16:44:11 INFO  MySQL:36 - Succesfully connected to mySQL database! :)
2021-08-31 16:44:17 INFO  MySQL:27 - MySQL Driver Registered! :)
2021-08-31 16:44:17 INFO  MySQL:36 - Succesfully connected to mySQL database! :)
2021-08-31 16:45:12 INFO  MySQL:27 - MySQL Driver Registered! :)
2021-08-31 16:45:13 INFO  MySQL:36 - Succesfully connected to mySQL database! :)
2021-08-31 16:45:17 INFO  MySQL:27 - MySQL Driver Registered! :)
2021-08-31 16:45:17 INFO  MySQL:36 - Succesfully connected to mySQL database! :)
2021-09-01 09:53:30 INFO  MySQL:27 - MySQL Driver Registered! :)
2021-09-01 09:53:31 INFO  MySQL:36 - Succesfully connected to mySQL database! :)
2021-09-01 09:53:45 INFO  MySQL:27 - MySQL Driver Registered! :)
2021-09-01 09:53:45 INFO  MySQL:36 - Succesfully connected to mySQL database! :)
2021-09-01 09:53:45 INFO  MySQL:27 - MySQL Driver Registered! :)
2021-09-01 09:53:45 INFO  MySQL:36 - Succesfully connected to mySQL database! :)
2021-09-01 09:56:46 INFO  MySQL:27 - MySQL Driver Registered! :)
2021-09-01 09:56:47 INFO  MySQL:36 - Succesfully connected to mySQL database! :)
2021-09-01 09:56:47 INFO  MySQL:27 - MySQL Driver Registered! :)
2021-09-01 09:56:47 INFO  MySQL:36 - Succesfully connected to mySQL database! :)
2021-09-01 09:57:47 INFO  MySQL:27 - MySQL Driver Registered! :)
2021-09-01 09:57:47 INFO  MySQL:36 - Succesfully connected to mySQL database! :)
2021-09-01 09:57:48 INFO  MySQL:27 - MySQL Driver Registered! :)
2021-09-01 09:57:48 INFO  MySQL:36 - Succesfully connected to mySQL database! :)
2021-09-01 09:58:23 INFO  MySQL:27 - MySQL Driver Registered! :)
2021-09-01 09:58:24 INFO  MySQL:36 - Succesfully connected to mySQL database! :)
2021-09-01 09:58:24 INFO  MySQL:27 - MySQL Driver Registered! :)
2021-09-01 09:58:24 INFO  MySQL:36 - Succesfully connected to mySQL database! :)
2021-09-01 09:58:24 INFO  MySQL:27 - MySQL Driver Registered! :)
2021-09-01 09:58:25 INFO  MySQL:36 - Succesfully connected to mySQL database! :)
2021-09-01 09:58:25 INFO  MySQL:27 - MySQL Driver Registered! :)
2021-09-01 09:58:25 INFO  MySQL:36 - Succesfully connected to mySQL database! :)
2021-09-01 09:58:25 INFO  MySQL:27 - MySQL Driver Registered! :)
2021-09-01 09:58:25 INFO  MySQL:36 - Succesfully connected to mySQL database! :)
2021-09-01 09:58:25 INFO  MySQL:27 - MySQL Driver Registered! :)
2021-09-01 09:58:25 INFO  MySQL:36 - Succesfully connected to mySQL database! :)
2021-09-01 09:58:25 INFO  MySQL:27 - MySQL Driver Registered! :)
2021-09-01 09:58:25 INFO  MySQL:36 - Succesfully connected to mySQL database! :)
2021-09-01 09:58:25 INFO  MySQL:27 - MySQL Driver Registered! :)
2021-09-01 09:58:25 INFO  MySQL:36 - Succesfully connected to mySQL database! :)
2021-09-01 09:58:25 INFO  MySQL:27 - MySQL Driver Registered! :)
2021-09-01 09:58:25 INFO  MySQL:36 - Succesfully connected to mySQL database! :)
2021-09-01 09:58:25 INFO  MySQL:27 - MySQL Driver Registered! :)
2021-09-01 09:58:25 INFO  MySQL:36 - Succesfully connected to mySQL database! :)
2021-09-01 09:58:25 INFO  MySQL:27 - MySQL Driver Registered! :)
2021-09-01 09:58:25 INFO  MySQL:36 - Succesfully connected to mySQL database! :)
2021-09-01 10:00:06 INFO  MySQL:27 - MySQL Driver Registered! :)
2021-09-01 10:00:06 INFO  MySQL:36 - Succesfully connected to mySQL database! :)
2021-09-01 10:00:06 INFO  MySQL:27 - MySQL Driver Registered! :)
2021-09-01 10:00:06 INFO  MySQL:36 - Succesfully connected to mySQL database! :)
2021-09-01 10:26:26 INFO  MySQL:27 - MySQL Driver Registered! :)
2021-09-01 10:26:27 INFO  MySQL:36 - Succesfully connected to mySQL database! :)
2021-09-01 10:26:27 INFO  MySQL:27 - MySQL Driver Registered! :)
2021-09-01 10:26:27 INFO  MySQL:36 - Succesfully connected to mySQL database! :)
2021-09-01 10:26:27 INFO  MySQL:27 - MySQL Driver Registered! :)
2021-09-01 10:26:27 INFO  MySQL:36 - Succesfully connected to mySQL database! :)
2021-09-01 10:26:27 INFO  MySQL:27 - MySQL Driver Registered! :)
2021-09-01 10:26:27 INFO  MySQL:36 - Succesfully connected to mySQL database! :)
2021-09-01 10:26:27 INFO  MySQL:27 - MySQL Driver Registered! :)
2021-09-01 10:26:27 INFO  MySQL:36 - Succesfully connected to mySQL database! :)
2021-09-01 10:26:27 INFO  MySQL:27 - MySQL Driver Registered! :)
2021-09-01 10:26:27 INFO  MySQL:36 - Succesfully connected to mySQL database! :)
2021-09-01 10:26:27 INFO  MySQL:27 - MySQL Driver Registered! :)
2021-09-01 10:26:27 INFO  MySQL:36 - Succesfully connected to mySQL database! :)
2021-09-01 10:26:27 INFO  MySQL:27 - MySQL Driver Registered! :)
2021-09-01 10:26:27 INFO  MySQL:36 - Succesfully connected to mySQL database! :)
2021-09-01 10:26:27 INFO  MySQL:27 - MySQL Driver Registered! :)
2021-09-01 10:26:27 INFO  MySQL:36 - Succesfully connected to mySQL database! :)
2021-09-01 10:26:27 INFO  MySQL:27 - MySQL Driver Registered! :)
2021-09-01 10:26:27 INFO  MySQL:36 - Succesfully connected to mySQL database! :)
2021-09-01 10:26:27 INFO  MySQL:27 - MySQL Driver Registered! :)
2021-09-01 10:26:27 INFO  MySQL:36 - Succesfully connected to mySQL database! :)
2021-09-01 10:26:38 INFO  MySQL:27 - MySQL Driver Registered! :)
2021-09-01 10:26:38 INFO  MySQL:36 - Succesfully connected to mySQL database! :)
2021-09-01 10:26:38 INFO  MySQL:27 - MySQL Driver Registered! :)
2021-09-01 10:26:38 INFO  MySQL:36 - Succesfully connected to mySQL database! :)
2021-09-01 10:48:03 INFO  MySQL:27 - MySQL Driver Registered! :)
2021-09-01 10:48:04 INFO  MySQL:36 - Succesfully connected to mySQL database! :)
2021-09-01 10:48:04 INFO  MySQL:27 - MySQL Driver Registered! :)
2021-09-01 10:48:04 INFO  MySQL:36 - Succesfully connected to mySQL database! :)
2021-09-01 10:48:04 INFO  MySQL:27 - MySQL Driver Registered! :)
2021-09-01 10:48:04 INFO  MySQL:36 - Succesfully connected to mySQL database! :)
2021-09-01 10:48:04 INFO  MySQL:27 - MySQL Driver Registered! :)
2021-09-01 10:48:04 INFO  MySQL:36 - Succesfully connected to mySQL database! :)
2021-09-01 10:48:04 INFO  MySQL:27 - MySQL Driver Registered! :)
2021-09-01 10:48:04 INFO  MySQL:36 - Succesfully connected to mySQL database! :)
2021-09-01 10:48:04 INFO  MySQL:27 - MySQL Driver Registered! :)
2021-09-01 10:48:04 INFO  MySQL:36 - Succesfully connected to mySQL database! :)
2021-09-01 10:48:04 INFO  MySQL:27 - MySQL Driver Registered! :)
2021-09-01 10:48:04 INFO  MySQL:36 - Succesfully connected to mySQL database! :)
2021-09-01 10:48:04 INFO  MySQL:27 - MySQL Driver Registered! :)
2021-09-01 10:48:04 INFO  MySQL:36 - Succesfully connected to mySQL database! :)
2021-09-01 10:48:04 INFO  MySQL:27 - MySQL Driver Registered! :)
2021-09-01 10:48:04 INFO  MySQL:36 - Succesfully connected to mySQL database! :)
2021-09-01 10:48:04 INFO  MySQL:27 - MySQL Driver Registered! :)
2021-09-01 10:48:04 INFO  MySQL:36 - Succesfully connected to mySQL database! :)
2021-09-01 10:48:04 INFO  MySQL:27 - MySQL Driver Registered! :)
2021-09-01 10:48:04 INFO  MySQL:36 - Succesfully connected to mySQL database! :)
2021-09-01 10:48:04 INFO  MySQL:27 - MySQL Driver Registered! :)
2021-09-01 10:48:04 INFO  MySQL:36 - Succesfully connected to mySQL database! :)
2021-09-01 10:48:04 INFO  MySQL:27 - MySQL Driver Registered! :)
2021-09-01 10:48:04 INFO  MySQL:36 - Succesfully connected to mySQL database! :)
2021-09-01 10:48:04 INFO  MySQL:27 - MySQL Driver Registered! :)
2021-09-01 10:48:04 INFO  MySQL:36 - Succesfully connected to mySQL database! :)
2021-09-01 10:48:04 INFO  MySQL:27 - MySQL Driver Registered! :)
2021-09-01 10:48:04 INFO  MySQL:36 - Succesfully connected to mySQL database! :)
2021-09-01 10:48:04 INFO  MySQL:27 - MySQL Driver Registered! :)
2021-09-01 10:48:04 INFO  MySQL:36 - Succesfully connected to mySQL database! :)
2021-09-01 10:48:04 INFO  MySQL:27 - MySQL Driver Registered! :)
2021-09-01 10:48:04 INFO  MySQL:36 - Succesfully connected to mySQL database! :)
2021-09-01 10:48:05 INFO  MySQL:27 - MySQL Driver Registered! :)
2021-09-01 10:48:05 INFO  MySQL:36 - Succesfully connected to mySQL database! :)
2021-09-01 10:48:05 INFO  MySQL:27 - MySQL Driver Registered! :)
2021-09-01 10:48:05 INFO  MySQL:36 - Succesfully connected to mySQL database! :)
2021-09-01 10:48:05 INFO  MySQL:27 - MySQL Driver Registered! :)
2021-09-01 10:48:05 INFO  MySQL:36 - Succesfully connected to mySQL database! :)
2021-09-01 10:48:05 INFO  MySQL:27 - MySQL Driver Registered! :)
2021-09-01 10:48:05 INFO  MySQL:36 - Succesfully connected to mySQL database! :)
2021-09-01 10:48:15 INFO  MySQL:27 - MySQL Driver Registered! :)
2021-09-01 10:48:15 INFO  MySQL:36 - Succesfully connected to mySQL database! :)
2021-09-01 10:48:15 INFO  MySQL:27 - MySQL Driver Registered! :)
2021-09-01 10:48:15 INFO  MySQL:36 - Succesfully connected to mySQL database! :)
2021-09-01 10:48:15 INFO  MySQL:27 - MySQL Driver Registered! :)
2021-09-01 10:48:15 INFO  MySQL:36 - Succesfully connected to mySQL database! :)
2021-09-01 10:48:15 INFO  MySQL:27 - MySQL Driver Registered! :)
2021-09-01 10:48:15 INFO  MySQL:36 - Succesfully connected to mySQL database! :)
2021-09-01 10:48:15 INFO  MySQL:27 - MySQL Driver Registered! :)
2021-09-01 10:48:15 INFO  MySQL:36 - Succesfully connected to mySQL database! :)
2021-09-01 10:48:15 INFO  MySQL:27 - MySQL Driver Registered! :)
2021-09-01 10:48:15 INFO  MySQL:36 - Succesfully connected to mySQL database! :)
2021-09-01 10:48:15 INFO  MySQL:27 - MySQL Driver Registered! :)
2021-09-01 10:48:15 INFO  MySQL:36 - Succesfully connected to mySQL database! :)
2021-09-01 10:48:15 INFO  MySQL:27 - MySQL Driver Registered! :)
2021-09-01 10:48:15 INFO  MySQL:36 - Succesfully connected to mySQL database! :)
2021-09-01 10:48:15 INFO  MySQL:27 - MySQL Driver Registered! :)
2021-09-01 10:48:15 INFO  MySQL:36 - Succesfully connected to mySQL database! :)
2021-09-01 10:48:15 INFO  MySQL:27 - MySQL Driver Registered! :)
2021-09-01 10:48:15 INFO  MySQL:36 - Succesfully connected to mySQL database! :)
2021-09-01 10:48:15 INFO  MySQL:27 - MySQL Driver Registered! :)
2021-09-01 10:48:15 INFO  MySQL:36 - Succesfully connected to mySQL database! :)
2021-09-01 10:48:15 INFO  MySQL:27 - MySQL Driver Registered! :)
2021-09-01 10:48:15 INFO  MySQL:36 - Succesfully connected to mySQL database! :)
2021-09-01 10:48:15 INFO  MySQL:27 - MySQL Driver Registered! :)
2021-09-01 10:48:15 INFO  MySQL:36 - Succesfully connected to mySQL database! :)
2021-09-01 10:48:15 INFO  MySQL:27 - MySQL Driver Registered! :)
2021-09-01 10:48:15 INFO  MySQL:36 - Succesfully connected to mySQL database! :)
2021-09-01 10:48:36 INFO  MySQL:27 - MySQL Driver Registered! :)
2021-09-01 10:48:36 INFO  MySQL:36 - Succesfully connected to mySQL database! :)
2021-09-01 10:48:36 INFO  MySQL:27 - MySQL Driver Registered! :)
2021-09-01 10:48:36 INFO  MySQL:36 - Succesfully connected to mySQL database! :)
2021-09-01 10:48:59 INFO  MySQL:27 - MySQL Driver Registered! :)
2021-09-01 10:49:00 INFO  MySQL:36 - Succesfully connected to mySQL database! :)
2021-09-01 10:49:00 INFO  MySQL:27 - MySQL Driver Registered! :)
2021-09-01 10:49:00 INFO  MySQL:36 - Succesfully connected to mySQL database! :)
2021-09-01 10:49:00 INFO  MySQL:27 - MySQL Driver Registered! :)
2021-09-01 10:49:00 INFO  MySQL:36 - Succesfully connected to mySQL database! :)
2021-09-01 10:49:00 INFO  MySQL:27 - MySQL Driver Registered! :)
2021-09-01 10:49:00 INFO  MySQL:36 - Succesfully connected to mySQL database! :)
2021-09-01 10:49:00 INFO  MySQL:27 - MySQL Driver Registered! :)
2021-09-01 10:49:00 INFO  MySQL:36 - Succesfully connected to mySQL database! :)
2021-09-01 10:49:00 INFO  MySQL:27 - MySQL Driver Registered! :)
2021-09-01 10:49:00 INFO  MySQL:36 - Succesfully connected to mySQL database! :)
2021-09-01 10:49:00 INFO  MySQL:27 - MySQL Driver Registered! :)
2021-09-01 10:49:00 INFO  MySQL:36 - Succesfully connected to mySQL database! :)
2021-09-01 10:49:00 INFO  MySQL:27 - MySQL Driver Registered! :)
2021-09-01 10:49:00 INFO  MySQL:36 - Succesfully connected to mySQL database! :)
2021-09-01 10:49:00 INFO  MySQL:27 - MySQL Driver Registered! :)
2021-09-01 10:49:00 INFO  MySQL:36 - Succesfully connected to mySQL database! :)
2021-09-01 10:49:00 INFO  MySQL:27 - MySQL Driver Registered! :)
2021-09-01 10:49:00 INFO  MySQL:36 - Succesfully connected to mySQL database! :)
2021-09-01 10:49:00 INFO  MySQL:27 - MySQL Driver Registered! :)
2021-09-01 10:49:00 INFO  MySQL:36 - Succesfully connected to mySQL database! :)
2021-09-01 10:49:00 INFO  MySQL:27 - MySQL Driver Registered! :)
2021-09-01 10:49:00 INFO  MySQL:36 - Succesfully connected to mySQL database! :)
2021-09-01 10:49:00 INFO  MySQL:27 - MySQL Driver Registered! :)
2021-09-01 10:49:00 INFO  MySQL:36 - Succesfully connected to mySQL database! :)
2021-09-01 10:49:00 INFO  MySQL:27 - MySQL Driver Registered! :)
2021-09-01 10:49:00 INFO  MySQL:36 - Succesfully connected to mySQL database! :)
2021-09-01 10:49:00 INFO  MySQL:27 - MySQL Driver Registered! :)
2021-09-01 10:49:00 INFO  MySQL:36 - Succesfully connected to mySQL database! :)
2021-09-01 10:49:00 INFO  MySQL:27 - MySQL Driver Registered! :)
2021-09-01 10:49:00 INFO  MySQL:36 - Succesfully connected to mySQL database! :)
2021-09-01 10:49:00 INFO  MySQL:27 - MySQL Driver Registered! :)
2021-09-01 10:49:00 INFO  MySQL:36 - Succesfully connected to mySQL database! :)
2021-09-01 10:49:00 INFO  MySQL:27 - MySQL Driver Registered! :)
2021-09-01 10:49:00 INFO  MySQL:36 - Succesfully connected to mySQL database! :)
2021-09-01 10:49:00 INFO  MySQL:27 - MySQL Driver Registered! :)
2021-09-01 10:49:00 INFO  MySQL:36 - Succesfully connected to mySQL database! :)
2021-09-01 10:49:00 INFO  MySQL:27 - MySQL Driver Registered! :)
2021-09-01 10:49:00 INFO  MySQL:36 - Succesfully connected to mySQL database! :)
2021-09-01 10:49:00 INFO  MySQL:27 - MySQL Driver Registered! :)
2021-09-01 10:49:00 INFO  MySQL:36 - Succesfully connected to mySQL database! :)
2021-09-01 10:49:03 INFO  MySQL:27 - MySQL Driver Registered! :)
2021-09-01 10:49:03 INFO  MySQL:36 - Succesfully connected to mySQL database! :)
2021-09-01 10:49:03 INFO  MySQL:27 - MySQL Driver Registered! :)
2021-09-01 10:49:03 INFO  MySQL:36 - Succesfully connected to mySQL database! :)
2021-09-01 10:49:03 INFO  MySQL:27 - MySQL Driver Registered! :)
2021-09-01 10:49:03 INFO  MySQL:36 - Succesfully connected to mySQL database! :)
2021-09-01 10:49:03 INFO  MySQL:27 - MySQL Driver Registered! :)
2021-09-01 10:49:03 INFO  MySQL:36 - Succesfully connected to mySQL database! :)
2021-09-01 10:49:03 INFO  MySQL:27 - MySQL Driver Registered! :)
2021-09-01 10:49:03 INFO  MySQL:36 - Succesfully connected to mySQL database! :)
2021-09-01 10:49:03 INFO  MySQL:27 - MySQL Driver Registered! :)
2021-09-01 10:49:03 INFO  MySQL:36 - Succesfully connected to mySQL database! :)
2021-09-01 10:49:03 INFO  MySQL:27 - MySQL Driver Registered! :)
2021-09-01 10:49:03 INFO  MySQL:36 - Succesfully connected to mySQL database! :)
2021-09-01 10:49:03 INFO  MySQL:27 - MySQL Driver Registered! :)
2021-09-01 10:49:03 INFO  MySQL:36 - Succesfully connected to mySQL database! :)
2021-09-01 10:49:03 INFO  MySQL:27 - MySQL Driver Registered! :)
2021-09-01 10:49:03 INFO  MySQL:36 - Succesfully connected to mySQL database! :)
2021-09-01 10:49:03 INFO  MySQL:27 - MySQL Driver Registered! :)
2021-09-01 10:49:03 INFO  MySQL:36 - Succesfully connected to mySQL database! :)
2021-09-01 10:49:03 INFO  MySQL:27 - MySQL Driver Registered! :)
2021-09-01 10:49:03 INFO  MySQL:36 - Succesfully connected to mySQL database! :)
2021-09-01 10:49:03 INFO  MySQL:27 - MySQL Driver Registered! :)
2021-09-01 10:49:03 INFO  MySQL:36 - Succesfully connected to mySQL database! :)
2021-09-01 10:49:03 INFO  MySQL:27 - MySQL Driver Registered! :)
2021-09-01 10:49:03 INFO  MySQL:36 - Succesfully connected to mySQL database! :)
2021-09-01 10:49:03 INFO  MySQL:27 - MySQL Driver Registered! :)
2021-09-01 10:49:03 INFO  MySQL:36 - Succesfully connected to mySQL database! :)
2021-09-01 10:49:11 INFO  MySQL:27 - MySQL Driver Registered! :)
2021-09-01 10:49:11 INFO  MySQL:36 - Succesfully connected to mySQL database! :)
2021-09-01 10:49:11 INFO  MySQL:27 - MySQL Driver Registered! :)
2021-09-01 10:49:11 INFO  MySQL:36 - Succesfully connected to mySQL database! :)
2021-09-01 10:55:27 INFO  MySQL:27 - MySQL Driver Registered! :)
2021-09-01 10:55:27 INFO  MySQL:36 - Succesfully connected to mySQL database! :)
2021-09-01 10:55:33 INFO  MySQL:27 - MySQL Driver Registered! :)
2021-09-01 10:55:33 INFO  MySQL:36 - Succesfully connected to mySQL database! :)
2021-09-01 12:03:10 INFO  MySQL:33 - MySQL Driver Registered! :)
2021-09-01 12:03:11 INFO  MySQL:42 - Succesfully connected to mySQL database! :)
2021-09-01 12:03:16 INFO  MySQL:33 - MySQL Driver Registered! :)
2021-09-01 12:03:16 INFO  MySQL:42 - Succesfully connected to mySQL database! :)
2021-09-01 12:10:17 INFO  MySQL:33 - MySQL Driver Registered! :)
2021-09-01 12:10:18 INFO  MySQL:42 - Succesfully connected to mySQL database! :)
2021-09-01 12:10:18 INFO  MySQL:33 - MySQL Driver Registered! :)
2021-09-01 12:10:18 INFO  MySQL:42 - Succesfully connected to mySQL database! :)
2021-09-01 12:10:18 INFO  MySQL:33 - MySQL Driver Registered! :)
2021-09-01 12:10:18 INFO  MySQL:42 - Succesfully connected to mySQL database! :)
2021-09-01 12:10:18 INFO  MySQL:33 - MySQL Driver Registered! :)
2021-09-01 12:10:18 INFO  MySQL:42 - Succesfully connected to mySQL database! :)
2021-09-01 12:10:18 INFO  MySQL:33 - MySQL Driver Registered! :)
2021-09-01 12:10:18 INFO  MySQL:42 - Succesfully connected to mySQL database! :)
2021-09-01 12:10:18 INFO  MySQL:33 - MySQL Driver Registered! :)
2021-09-01 12:10:18 INFO  MySQL:42 - Succesfully connected to mySQL database! :)
2021-09-01 12:10:18 INFO  MySQL:33 - MySQL Driver Registered! :)
2021-09-01 12:10:18 INFO  MySQL:42 - Succesfully connected to mySQL database! :)
2021-09-01 12:10:18 INFO  MySQL:33 - MySQL Driver Registered! :)
2021-09-01 12:10:18 INFO  MySQL:42 - Succesfully connected to mySQL database! :)
2021-09-01 12:10:18 INFO  MySQL:33 - MySQL Driver Registered! :)
2021-09-01 12:10:18 INFO  MySQL:42 - Succesfully connected to mySQL database! :)
2021-09-01 12:10:18 INFO  MySQL:33 - MySQL Driver Registered! :)
2021-09-01 12:10:18 INFO  MySQL:42 - Succesfully connected to mySQL database! :)
2021-09-01 12:10:18 INFO  MySQL:33 - MySQL Driver Registered! :)
2021-09-01 12:10:18 INFO  MySQL:42 - Succesfully connected to mySQL database! :)
2021-09-01 12:10:18 INFO  MySQL:33 - MySQL Driver Registered! :)
2021-09-01 12:10:18 INFO  MySQL:42 - Succesfully connected to mySQL database! :)
2021-09-01 12:10:19 INFO  MySQL:33 - MySQL Driver Registered! :)
2021-09-01 12:10:19 INFO  MySQL:42 - Succesfully connected to mySQL database! :)
2021-09-01 12:10:19 INFO  MySQL:33 - MySQL Driver Registered! :)
2021-09-01 12:10:19 INFO  MySQL:42 - Succesfully connected to mySQL database! :)
2021-09-01 12:10:19 INFO  MySQL:33 - MySQL Driver Registered! :)
2021-09-01 12:10:19 INFO  MySQL:42 - Succesfully connected to mySQL database! :)
2021-09-01 12:10:19 INFO  MySQL:33 - MySQL Driver Registered! :)
2021-09-01 12:10:19 INFO  MySQL:42 - Succesfully connected to mySQL database! :)
2021-09-01 12:10:19 INFO  MySQL:33 - MySQL Driver Registered! :)
2021-09-01 12:10:19 INFO  MySQL:42 - Succesfully connected to mySQL database! :)
2021-09-01 12:10:19 INFO  MySQL:33 - MySQL Driver Registered! :)
2021-09-01 12:10:19 INFO  MySQL:42 - Succesfully connected to mySQL database! :)
2021-09-01 12:10:19 INFO  MySQL:33 - MySQL Driver Registered! :)
2021-09-01 12:10:19 INFO  MySQL:42 - Succesfully connected to mySQL database! :)
2021-09-01 12:10:19 INFO  MySQL:33 - MySQL Driver Registered! :)
2021-09-01 12:10:19 INFO  MySQL:42 - Succesfully connected to mySQL database! :)
2021-09-01 12:10:19 INFO  MySQL:33 - MySQL Driver Registered! :)
2021-09-01 12:10:19 INFO  MySQL:42 - Succesfully connected to mySQL database! :)
2021-09-01 12:10:24 INFO  MySQL:33 - MySQL Driver Registered! :)
2021-09-01 12:10:24 INFO  MySQL:42 - Succesfully connected to mySQL database! :)
2021-09-01 12:10:24 INFO  MySQL:33 - MySQL Driver Registered! :)
2021-09-01 12:10:24 INFO  MySQL:42 - Succesfully connected to mySQL database! :)
2021-09-01 12:10:24 INFO  MySQL:33 - MySQL Driver Registered! :)
2021-09-01 12:10:24 INFO  MySQL:42 - Succesfully connected to mySQL database! :)
2021-09-01 12:23:09 INFO  MySQL:33 - MySQL Driver Registered! :)
2021-09-01 12:23:10 INFO  MySQL:42 - Succesfully connected to mySQL database! :)
2021-09-01 12:23:10 INFO  MySQL:33 - MySQL Driver Registered! :)
2021-09-01 12:23:10 INFO  MySQL:42 - Succesfully connected to mySQL database! :)
2021-09-01 12:23:10 INFO  MySQL:33 - MySQL Driver Registered! :)
2021-09-01 12:23:10 INFO  MySQL:42 - Succesfully connected to mySQL database! :)
2021-09-01 12:23:10 INFO  MySQL:33 - MySQL Driver Registered! :)
2021-09-01 12:23:10 INFO  MySQL:42 - Succesfully connected to mySQL database! :)
2021-09-01 12:23:10 INFO  MySQL:33 - MySQL Driver Registered! :)
2021-09-01 12:23:10 INFO  MySQL:42 - Succesfully connected to mySQL database! :)
2021-09-01 12:23:10 INFO  MySQL:33 - MySQL Driver Registered! :)
2021-09-01 12:23:10 INFO  MySQL:42 - Succesfully connected to mySQL database! :)
2021-09-01 12:23:10 INFO  MySQL:33 - MySQL Driver Registered! :)
2021-09-01 12:23:10 INFO  MySQL:42 - Succesfully connected to mySQL database! :)
2021-09-01 12:23:10 INFO  MySQL:33 - MySQL Driver Registered! :)
2021-09-01 12:23:10 INFO  MySQL:42 - Succesfully connected to mySQL database! :)
2021-09-01 12:23:10 INFO  MySQL:33 - MySQL Driver Registered! :)
2021-09-01 12:23:10 INFO  MySQL:42 - Succesfully connected to mySQL database! :)
2021-09-01 12:23:10 INFO  MySQL:33 - MySQL Driver Registered! :)
2021-09-01 12:23:11 INFO  MySQL:42 - Succesfully connected to mySQL database! :)
2021-09-01 12:23:11 INFO  MySQL:33 - MySQL Driver Registered! :)
2021-09-01 12:23:11 INFO  MySQL:42 - Succesfully connected to mySQL database! :)
2021-09-01 12:23:11 INFO  MySQL:33 - MySQL Driver Registered! :)
2021-09-01 12:23:11 INFO  MySQL:42 - Succesfully connected to mySQL database! :)
2021-09-01 12:23:11 INFO  MySQL:33 - MySQL Driver Registered! :)
2021-09-01 12:23:11 INFO  MySQL:42 - Succesfully connected to mySQL database! :)
2021-09-01 12:23:11 INFO  MySQL:33 - MySQL Driver Registered! :)
2021-09-01 12:23:11 INFO  MySQL:42 - Succesfully connected to mySQL database! :)
2021-09-01 12:23:11 INFO  MySQL:33 - MySQL Driver Registered! :)
2021-09-01 12:23:11 INFO  MySQL:42 - Succesfully connected to mySQL database! :)
2021-09-01 12:23:11 INFO  MySQL:33 - MySQL Driver Registered! :)
2021-09-01 12:23:11 INFO  MySQL:42 - Succesfully connected to mySQL database! :)
2021-09-01 12:23:11 INFO  MySQL:33 - MySQL Driver Registered! :)
2021-09-01 12:23:11 INFO  MySQL:42 - Succesfully connected to mySQL database! :)
2021-09-01 12:23:11 INFO  MySQL:33 - MySQL Driver Registered! :)
2021-09-01 12:23:11 INFO  MySQL:42 - Succesfully connected to mySQL database! :)
2021-09-01 12:23:11 INFO  MySQL:33 - MySQL Driver Registered! :)
2021-09-01 12:23:11 INFO  MySQL:42 - Succesfully connected to mySQL database! :)
2021-09-01 12:23:11 INFO  MySQL:33 - MySQL Driver Registered! :)
2021-09-01 12:23:11 INFO  MySQL:42 - Succesfully connected to mySQL database! :)
2021-09-01 12:23:11 INFO  MySQL:33 - MySQL Driver Registered! :)
2021-09-01 12:23:11 INFO  MySQL:42 - Succesfully connected to mySQL database! :)
2021-09-01 12:23:20 INFO  MySQL:33 - MySQL Driver Registered! :)
2021-09-01 12:23:20 INFO  MySQL:42 - Succesfully connected to mySQL database! :)
2021-09-01 12:23:20 INFO  MySQL:33 - MySQL Driver Registered! :)
2021-09-01 12:23:20 INFO  MySQL:42 - Succesfully connected to mySQL database! :)
2021-09-01 12:23:20 INFO  MySQL:33 - MySQL Driver Registered! :)
2021-09-01 12:23:20 INFO  MySQL:42 - Succesfully connected to mySQL database! :)
2021-09-01 12:23:20 INFO  MySQL:33 - MySQL Driver Registered! :)
2021-09-01 12:23:20 INFO  MySQL:42 - Succesfully connected to mySQL database! :)
2021-09-01 12:23:20 INFO  MySQL:33 - MySQL Driver Registered! :)
2021-09-01 12:23:20 INFO  MySQL:42 - Succesfully connected to mySQL database! :)
2021-09-01 12:23:20 INFO  MySQL:33 - MySQL Driver Registered! :)
2021-09-01 12:23:20 INFO  MySQL:42 - Succesfully connected to mySQL database! :)
2021-09-01 12:23:20 INFO  MySQL:33 - MySQL Driver Registered! :)
2021-09-01 12:23:20 INFO  MySQL:42 - Succesfully connected to mySQL database! :)
2021-09-01 12:23:20 INFO  MySQL:33 - MySQL Driver Registered! :)
2021-09-01 12:23:20 INFO  MySQL:42 - Succesfully connected to mySQL database! :)
2021-09-01 12:23:20 INFO  MySQL:33 - MySQL Driver Registered! :)
2021-09-01 12:23:20 INFO  MySQL:42 - Succesfully connected to mySQL database! :)
2021-09-01 12:23:20 INFO  MySQL:33 - MySQL Driver Registered! :)
2021-09-01 12:23:20 INFO  MySQL:42 - Succesfully connected to mySQL database! :)
2021-09-01 12:23:20 INFO  MySQL:33 - MySQL Driver Registered! :)
2021-09-01 12:23:20 INFO  MySQL:42 - Succesfully connected to mySQL database! :)
2021-09-01 12:23:20 INFO  MySQL:33 - MySQL Driver Registered! :)
2021-09-01 12:23:20 INFO  MySQL:42 - Succesfully connected to mySQL database! :)
2021-09-01 12:23:20 INFO  MySQL:33 - MySQL Driver Registered! :)
2021-09-01 12:23:20 INFO  MySQL:42 - Succesfully connected to mySQL database! :)
2021-09-01 12:23:20 INFO  MySQL:33 - MySQL Driver Registered! :)
2021-09-01 12:23:20 INFO  MySQL:42 - Succesfully connected to mySQL database! :)
2021-09-01 12:23:36 INFO  MySQL:33 - MySQL Driver Registered! :)
2021-09-01 12:23:36 INFO  MySQL:42 - Succesfully connected to mySQL database! :)
2021-09-01 12:23:36 INFO  MySQL:33 - MySQL Driver Registered! :)
2021-09-01 12:23:36 INFO  MySQL:42 - Succesfully connected to mySQL database! :)
2021-09-01 12:23:36 INFO  MySQL:33 - MySQL Driver Registered! :)
2021-09-01 12:23:36 INFO  MySQL:42 - Succesfully connected to mySQL database! :)
2021-09-01 12:23:50 INFO  MySQL:33 - MySQL Driver Registered! :)
2021-09-01 12:23:50 INFO  MySQL:42 - Succesfully connected to mySQL database! :)
2021-09-01 12:31:33 INFO  MySQL:33 - MySQL Driver Registered! :)
2021-09-01 12:31:33 INFO  MySQL:42 - Succesfully connected to mySQL database! :)
2021-09-01 12:31:39 INFO  MySQL:33 - MySQL Driver Registered! :)
2021-09-01 12:31:39 INFO  MySQL:42 - Succesfully connected to mySQL database! :)
2021-09-01 13:31:18 INFO  MySQL:33 - MySQL Driver Registered! :)
2021-09-01 13:31:19 INFO  MySQL:42 - Succesfully connected to mySQL database! :)
2021-09-01 13:31:19 INFO  Main:440 - New Person Record Inserted. ID = 12
2021-09-01 15:45:04 INFO  MySQL:33 - MySQL Driver Registered! :)
2021-09-01 15:45:05 INFO  MySQL:42 - Succesfully connected to mySQL database! :)
2021-09-01 15:45:05 INFO  MySQL:33 - MySQL Driver Registered! :)
2021-09-01 15:45:05 INFO  MySQL:42 - Succesfully connected to mySQL database! :)
2021-09-01 15:46:05 INFO  MySQL:33 - MySQL Driver Registered! :)
2021-09-01 15:46:06 INFO  MySQL:42 - Succesfully connected to mySQL database! :)
2021-09-01 15:46:06 INFO  MySQL:33 - MySQL Driver Registered! :)
2021-09-01 15:46:06 INFO  MySQL:42 - Succesfully connected to mySQL database! :)
2021-09-01 15:46:06 ERROR MySQL:116 - java.sql.SQLException: Column Index out of range, 12 > 1. 
2021-09-01 15:48:36 INFO  MySQL:33 - MySQL Driver Registered! :)
2021-09-01 15:48:37 INFO  MySQL:42 - Succesfully connected to mySQL database! :)
2021-09-01 15:48:37 INFO  MySQL:33 - MySQL Driver Registered! :)
2021-09-01 15:48:37 INFO  MySQL:42 - Succesfully connected to mySQL database! :)
2021-09-01 15:48:37 INFO  MySQL:33 - MySQL Driver Registered! :)
2021-09-01 15:48:37 INFO  MySQL:42 - Succesfully connected to mySQL database! :)
2021-09-01 15:48:37 ERROR MySQL:116 - java.sql.SQLException: Column Index out of range, 12 > 1. 
2021-09-01 15:49:07 INFO  MySQL:33 - MySQL Driver Registered! :)
2021-09-01 15:49:07 INFO  MySQL:42 - Succesfully connected to mySQL database! :)
2021-09-01 15:49:07 ERROR MySQL:116 - java.sql.SQLException: Column Index out of range, 0 < 1.
2021-09-01 15:49:07 INFO  Main:442 - New Person Record Inserted. ID = 0
2021-09-02 09:43:32 INFO  MySQL:33 - MySQL Driver Registered! :)
2021-09-02 09:43:33 INFO  MySQL:42 - Succesfully connected to mySQL database! :)
2021-09-02 09:43:33 ERROR MySQL:101 - java.sql.SQLException: No value specified for parameter 5
2021-09-02 09:43:33 INFO  Main:468 - New Vehicle Make Record Inserted. ID = 0
2021-09-02 09:45:03 INFO  MySQL:33 - MySQL Driver Registered! :)
2021-09-02 09:45:04 INFO  MySQL:42 - Succesfully connected to mySQL database! :)
2021-09-02 09:45:04 ERROR MySQL:101 - java.sql.SQLException: Column Index out of range, 0 < 1.
2021-09-02 09:45:04 INFO  Main:468 - New Vehicle Make Record Inserted. ID = 0
2021-09-02 09:49:40 INFO  MySQL:33 - MySQL Driver Registered! :)
2021-09-02 09:49:41 INFO  MySQL:42 - Succesfully connected to mySQL database! :)
2021-09-02 09:49:41 INFO  MySQL:33 - MySQL Driver Registered! :)
2021-09-02 09:49:41 INFO  MySQL:42 - Succesfully connected to mySQL database! :)
2021-09-02 09:49:42 ERROR MySQL:102 - java.sql.SQLException: Column Index out of range, 11 > 1. 
2021-09-02 09:52:01 INFO  MySQL:33 - MySQL Driver Registered! :)
2021-09-02 09:52:02 INFO  MySQL:42 - Succesfully connected to mySQL database! :)
2021-09-02 09:52:02 INFO  MySQL:33 - MySQL Driver Registered! :)
2021-09-02 09:52:02 INFO  MySQL:42 - Succesfully connected to mySQL database! :)
2021-09-02 09:52:02 ERROR MySQL:103 - java.sql.SQLException: Column Index out of range, 11 > 1. 
2021-09-02 09:57:57 INFO  MySQL:33 - MySQL Driver Registered! :)
2021-09-02 09:57:58 INFO  MySQL:42 - Succesfully connected to mySQL database! :)
2021-09-02 09:57:58 INFO  MySQL:33 - MySQL Driver Registered! :)
2021-09-02 09:57:58 INFO  MySQL:42 - Succesfully connected to mySQL database! :)
2021-09-02 09:57:58 ERROR MySQL:103 - java.sql.SQLException: Column Index out of range, 11 > 1. 
2021-09-02 10:07:16 INFO  MySQL:33 - MySQL Driver Registered! :)
2021-09-02 10:07:17 INFO  MySQL:42 - Succesfully connected to mySQL database! :)
2021-09-02 10:07:17 INFO  MySQL:33 - MySQL Driver Registered! :)
2021-09-02 10:07:17 INFO  MySQL:42 - Succesfully connected to mySQL database! :)
2021-09-02 10:07:17 ERROR MySQL:104 - java.sql.SQLException: Column Index out of range, 11 > 1. 
2021-09-02 10:07:54 INFO  MySQL:33 - MySQL Driver Registered! :)
2021-09-02 10:07:55 INFO  MySQL:42 - Succesfully connected to mySQL database! :)
2021-09-02 10:07:55 INFO  MySQL:33 - MySQL Driver Registered! :)
2021-09-02 10:07:55 INFO  MySQL:42 - Succesfully connected to mySQL database! :)
2021-09-02 10:07:55 ERROR MySQL:104 - java.sql.SQLException: Before start of result set
2021-09-02 10:08:43 INFO  MySQL:33 - MySQL Driver Registered! :)
2021-09-02 10:08:44 INFO  MySQL:42 - Succesfully connected to mySQL database! :)
2021-09-02 10:08:44 INFO  MySQL:33 - MySQL Driver Registered! :)
2021-09-02 10:08:44 INFO  MySQL:42 - Succesfully connected to mySQL database! :)
2021-09-02 10:08:44 ERROR MySQL:104 - java.sql.SQLException: Before start of result set
2021-09-02 10:08:55 INFO  MySQL:33 - MySQL Driver Registered! :)
2021-09-02 10:08:56 INFO  MySQL:42 - Succesfully connected to mySQL database! :)
2021-09-02 10:08:56 INFO  MySQL:33 - MySQL Driver Registered! :)
2021-09-02 10:08:56 INFO  MySQL:42 - Succesfully connected to mySQL database! :)
2021-09-02 10:08:56 ERROR MySQL:103 - java.sql.SQLException: Operation not allowed for a result set of type ResultSet.TYPE_FORWARD_ONLY.
2021-09-02 10:10:11 INFO  MySQL:33 - MySQL Driver Registered! :)
2021-09-02 10:10:12 INFO  MySQL:42 - Succesfully connected to mySQL database! :)
2021-09-02 10:10:12 INFO  MySQL:33 - MySQL Driver Registered! :)
2021-09-02 10:10:12 INFO  MySQL:42 - Succesfully connected to mySQL database! :)
2021-09-02 10:10:12 ERROR MySQL:103 - java.sql.SQLException: Operation not allowed for a result set of type ResultSet.TYPE_FORWARD_ONLY.
2021-09-02 10:10:28 INFO  MySQL:33 - MySQL Driver Registered! :)
2021-09-02 10:10:29 INFO  MySQL:42 - Succesfully connected to mySQL database! :)
2021-09-02 10:10:29 INFO  MySQL:33 - MySQL Driver Registered! :)
2021-09-02 10:10:29 INFO  MySQL:42 - Succesfully connected to mySQL database! :)
2021-09-02 10:11:25 INFO  MySQL:33 - MySQL Driver Registered! :)
2021-09-02 10:11:26 INFO  MySQL:42 - Succesfully connected to mySQL database! :)
2021-09-02 10:11:27 INFO  MySQL:33 - MySQL Driver Registered! :)
2021-09-02 10:11:27 INFO  MySQL:42 - Succesfully connected to mySQL database! :)
2021-09-02 10:12:10 INFO  MySQL:33 - MySQL Driver Registered! :)
2021-09-02 10:12:11 INFO  MySQL:42 - Succesfully connected to mySQL database! :)
2021-09-02 10:12:11 INFO  MySQL:33 - MySQL Driver Registered! :)
2021-09-02 10:12:11 INFO  MySQL:42 - Succesfully connected to mySQL database! :)
2021-09-02 10:12:11 ERROR MySQL:103 - java.sql.SQLException: Column Index out of range, 2 > 1. 
2021-09-02 10:12:22 INFO  MySQL:33 - MySQL Driver Registered! :)
2021-09-02 10:12:24 INFO  MySQL:42 - Succesfully connected to mySQL database! :)
2021-09-02 10:12:24 INFO  MySQL:33 - MySQL Driver Registered! :)
2021-09-02 10:12:24 INFO  MySQL:42 - Succesfully connected to mySQL database! :)
2021-09-02 10:14:48 INFO  MySQL:33 - MySQL Driver Registered! :)
2021-09-02 10:14:50 INFO  MySQL:42 - Succesfully connected to mySQL database! :)
2021-09-02 10:14:50 INFO  MySQL:33 - MySQL Driver Registered! :)
2021-09-02 10:14:50 INFO  MySQL:42 - Succesfully connected to mySQL database! :)
2021-09-02 10:16:11 INFO  MySQL:33 - MySQL Driver Registered! :)
2021-09-02 10:16:12 INFO  MySQL:42 - Succesfully connected to mySQL database! :)
2021-09-02 10:16:12 INFO  MySQL:33 - MySQL Driver Registered! :)
2021-09-02 10:16:12 INFO  MySQL:42 - Succesfully connected to mySQL database! :)
2021-09-02 10:16:37 INFO  MySQL:33 - MySQL Driver Registered! :)
2021-09-02 10:16:38 INFO  MySQL:42 - Succesfully connected to mySQL database! :)
2021-09-02 10:16:38 INFO  MySQL:33 - MySQL Driver Registered! :)
2021-09-02 10:16:38 INFO  MySQL:42 - Succesfully connected to mySQL database! :)
2021-09-02 10:16:38 INFO  MySQL:33 - MySQL Driver Registered! :)
2021-09-02 10:16:38 INFO  MySQL:42 - Succesfully connected to mySQL database! :)
2021-09-02 10:17:29 INFO  MySQL:33 - MySQL Driver Registered! :)
2021-09-02 10:17:30 INFO  MySQL:42 - Succesfully connected to mySQL database! :)
2021-09-02 10:17:30 INFO  Main:470 - New Vehicle Make Record Inserted. ID = 12
2021-09-02 11:07:34 INFO  MySQL:33 - MySQL Driver Registered! :)
2021-09-02 11:07:35 INFO  MySQL:42 - Succesfully connected to mySQL database! :)
2021-09-02 11:07:35 INFO  MySQL:33 - MySQL Driver Registered! :)
2021-09-02 11:07:36 INFO  MySQL:42 - Succesfully connected to mySQL database! :)
2021-09-02 11:07:36 INFO  Main:499 - New Vehicle Model Record Inserted. ID = 25
2021-09-02 11:10:31 INFO  MySQL:33 - MySQL Driver Registered! :)
2021-09-02 11:10:32 INFO  MySQL:42 - Succesfully connected to mySQL database! :)
2021-09-02 11:10:32 INFO  MySQL:33 - MySQL Driver Registered! :)
2021-09-02 11:10:32 INFO  MySQL:42 - Succesfully connected to mySQL database! :)
2021-09-02 11:10:32 INFO  MySQL:33 - MySQL Driver Registered! :)
2021-09-02 11:10:32 INFO  MySQL:42 - Succesfully connected to mySQL database! :)
2021-09-02 11:11:06 INFO  MySQL:33 - MySQL Driver Registered! :)
2021-09-02 11:11:07 INFO  MySQL:42 - Succesfully connected to mySQL database! :)
2021-09-02 11:11:07 INFO  MySQL:33 - MySQL Driver Registered! :)
2021-09-02 11:11:07 INFO  MySQL:42 - Succesfully connected to mySQL database! :)
2021-09-02 11:11:07 INFO  MySQL:33 - MySQL Driver Registered! :)
2021-09-02 11:11:07 INFO  MySQL:42 - Succesfully connected to mySQL database! :)
2021-09-02 11:15:15 INFO  MySQL:33 - MySQL Driver Registered! :)
2021-09-02 11:15:16 INFO  MySQL:42 - Succesfully connected to mySQL database! :)
2021-09-02 11:15:17 INFO  MySQL:33 - MySQL Driver Registered! :)
2021-09-02 11:15:17 INFO  MySQL:42 - Succesfully connected to mySQL database! :)
2021-09-02 11:15:17 INFO  Main:500 - New Vehicle Model Record Inserted. ID = 26
2021-09-02 11:15:47 INFO  MySQL:33 - MySQL Driver Registered! :)
2021-09-02 11:15:49 INFO  MySQL:42 - Succesfully connected to mySQL database! :)
2021-09-02 11:15:49 INFO  MySQL:33 - MySQL Driver Registered! :)
2021-09-02 11:15:49 INFO  MySQL:42 - Succesfully connected to mySQL database! :)
2021-09-02 11:15:49 INFO  MySQL:33 - MySQL Driver Registered! :)
2021-09-02 11:15:49 INFO  MySQL:42 - Succesfully connected to mySQL database! :)
2021-09-02 11:15:49 INFO  MySQL:33 - MySQL Driver Registered! :)
2021-09-02 11:15:49 INFO  MySQL:42 - Succesfully connected to mySQL database! :)
2021-09-02 11:15:49 INFO  MySQL:33 - MySQL Driver Registered! :)
2021-09-02 11:15:49 INFO  MySQL:42 - Succesfully connected to mySQL database! :)
2021-09-02 11:15:49 ERROR MySQL:106 - java.sql.SQLSyntaxErrorException: Unknown column 'PVehicleModelId' in 'where clause'
2021-09-02 11:16:31 INFO  MySQL:33 - MySQL Driver Registered! :)
2021-09-02 11:16:33 INFO  MySQL:42 - Succesfully connected to mySQL database! :)
2021-09-02 11:16:33 INFO  MySQL:33 - MySQL Driver Registered! :)
2021-09-02 11:16:33 INFO  MySQL:42 - Succesfully connected to mySQL database! :)
2021-09-02 11:16:33 INFO  MySQL:33 - MySQL Driver Registered! :)
2021-09-02 11:16:33 INFO  MySQL:42 - Succesfully connected to mySQL database! :)
2021-09-02 11:16:33 INFO  MySQL:33 - MySQL Driver Registered! :)
2021-09-02 11:16:33 INFO  MySQL:42 - Succesfully connected to mySQL database! :)
2021-09-02 11:16:33 INFO  MySQL:33 - MySQL Driver Registered! :)
2021-09-02 11:16:33 INFO  MySQL:42 - Succesfully connected to mySQL database! :)
2021-09-02 11:42:44 INFO  MySQL:33 - MySQL Driver Registered! :)
2021-09-02 11:42:45 INFO  MySQL:42 - Succesfully connected to mySQL database! :)
2021-09-02 11:42:45 INFO  MySQL:33 - MySQL Driver Registered! :)
2021-09-02 11:42:45 INFO  MySQL:42 - Succesfully connected to mySQL database! :)
2021-09-02 11:42:45 INFO  MySQL:33 - MySQL Driver Registered! :)
2021-09-02 11:42:45 INFO  MySQL:42 - Succesfully connected to mySQL database! :)
2021-09-02 11:42:45 ERROR MySQL:121 - java.sql.SQLException: Parameter index out of range (5 > number of parameters, which is 4).
2021-09-02 11:42:45 INFO  Main:536 - New Vehicle Record Inserted. ID = 0
2021-09-02 11:43:42 INFO  MySQL:33 - MySQL Driver Registered! :)
2021-09-02 11:43:42 INFO  MySQL:42 - Succesfully connected to mySQL database! :)
2021-09-02 11:43:42 INFO  MySQL:33 - MySQL Driver Registered! :)
2021-09-02 11:43:42 INFO  MySQL:42 - Succesfully connected to mySQL database! :)
2021-09-02 11:43:43 INFO  MySQL:33 - MySQL Driver Registered! :)
2021-09-02 11:43:43 INFO  MySQL:42 - Succesfully connected to mySQL database! :)
2021-09-02 11:43:43 INFO  Main:536 - New Vehicle Record Inserted. ID = 23
2021-09-02 11:46:33 INFO  MySQL:33 - MySQL Driver Registered! :)
2021-09-02 11:46:34 INFO  MySQL:42 - Succesfully connected to mySQL database! :)
2021-09-02 11:46:34 INFO  MySQL:33 - MySQL Driver Registered! :)
2021-09-02 11:46:34 INFO  MySQL:42 - Succesfully connected to mySQL database! :)
2021-09-02 11:46:34 INFO  MySQL:33 - MySQL Driver Registered! :)
2021-09-02 11:46:34 INFO  MySQL:42 - Succesfully connected to mySQL database! :)
2021-09-02 11:46:34 INFO  MySQL:33 - MySQL Driver Registered! :)
2021-09-02 11:46:34 INFO  MySQL:42 - Succesfully connected to mySQL database! :)
2021-09-02 11:47:55 INFO  MySQL:33 - MySQL Driver Registered! :)
2021-09-02 11:47:56 INFO  MySQL:42 - Succesfully connected to mySQL database! :)
2021-09-02 11:47:56 INFO  MySQL:33 - MySQL Driver Registered! :)
2021-09-02 11:47:56 INFO  MySQL:42 - Succesfully connected to mySQL database! :)
2021-09-02 11:47:56 INFO  MySQL:33 - MySQL Driver Registered! :)
2021-09-02 11:47:56 INFO  MySQL:42 - Succesfully connected to mySQL database! :)
2021-09-02 11:47:56 INFO  MySQL:33 - MySQL Driver Registered! :)
2021-09-02 11:47:56 INFO  MySQL:42 - Succesfully connected to mySQL database! :)
2021-09-02 11:47:56 INFO  MySQL:33 - MySQL Driver Registered! :)
2021-09-02 11:47:56 INFO  MySQL:42 - Succesfully connected to mySQL database! :)
2021-09-02 11:47:56 INFO  MySQL:33 - MySQL Driver Registered! :)
2021-09-02 11:47:56 INFO  MySQL:42 - Succesfully connected to mySQL database! :)
2021-09-02 11:47:56 INFO  MySQL:33 - MySQL Driver Registered! :)
2021-09-02 11:47:56 INFO  MySQL:42 - Succesfully connected to mySQL database! :)
2021-09-02 11:48:27 INFO  MySQL:33 - MySQL Driver Registered! :)
2021-09-02 11:48:27 INFO  MySQL:42 - Succesfully connected to mySQL database! :)
2021-09-02 11:48:27 INFO  MySQL:33 - MySQL Driver Registered! :)
2021-09-02 11:48:27 INFO  MySQL:42 - Succesfully connected to mySQL database! :)
2021-09-02 11:48:27 INFO  MySQL:33 - MySQL Driver Registered! :)
2021-09-02 11:48:27 INFO  MySQL:42 - Succesfully connected to mySQL database! :)
2021-09-02 11:48:27 INFO  Main:537 - New Vehicle Record Inserted. ID = 24
2021-09-02 12:32:29 INFO  MySQL:33 - MySQL Driver Registered! :)
2021-09-02 12:32:30 INFO  MySQL:42 - Succesfully connected to mySQL database! :)
2021-09-02 12:32:34 INFO  MySQL:33 - MySQL Driver Registered! :)
2021-09-02 12:32:34 INFO  MySQL:42 - Succesfully connected to mySQL database! :)
